
[ 2024-09-25 17:27:56.380945 ] FileNotFoundError: [Errno 2] No such file or directory: '/home/user/mms/initials/lang/en.json'

Traceback (most recent call last):
  File "/home/user/mms/mtms/src/mtms/__init__.py", line 10, in run
    fn.firstThingsFirst()
  File "/home/user/mms/mtms/src/mtms/base/functions/functions.py", line 508, in firstThingsFirst
    lang_dict = setWorkingLang(True)
                ^^^^^^^^^^^^^^^^^^^^
  File "/home/user/mms/mtms/src/mtms/base/functions/functions.py", line 413, in setWorkingLang
    default_lang_file = open(configs.__DEFAULT_LANG_FILE__, 'r')
                        ^^^^^^^^^^^^^^^^^^^^^^^^^^^^^^^^^^^^^^^^

[ 2024-09-25 22:56:43.506159 ] FileNotFoundError: [Errno 2] No such file or directory: '/home/user/mms/initials/lang/en.json'

Traceback (most recent call last):
  File "/home/user/mms/mtms/src/mtms/__init__.py", line 8, in run
    fn.firstThingsFirst()
  File "/home/user/mms/mtms/src/mtms/base/functions/functions.py", line 508, in firstThingsFirst
    lang_dict = setWorkingLang(True)
                ^^^^^^^^^^^^^^^^^^^^
  File "/home/user/mms/mtms/src/mtms/base/functions/functions.py", line 413, in setWorkingLang
    default_lang_file = open(configs.__DEFAULT_LANG_FILE__, 'r')
                        ^^^^^^^^^^^^^^^^^^^^^^^^^^^^^^^^^^^^^^^^

[ 2024-09-25 22:57:23.302545 ] FileNotFoundError: [Errno 2] No such file or directory: '/home/user/mms/initials/lang/en.json'

Traceback (most recent call last):
  File "/home/user/mms/mtms/src/mtms/__init__.py", line 8, in run
    fn.firstThingsFirst()
  File "/home/user/mms/mtms/src/mtms/base/functions/functions.py", line 508, in firstThingsFirst
    lang_dict = setWorkingLang(True)
                ^^^^^^^^^^^^^^^^^^^^
  File "/home/user/mms/mtms/src/mtms/base/functions/functions.py", line 413, in setWorkingLang
    default_lang_file = open(configs.__DEFAULT_LANG_FILE__, 'r')
                        ^^^^^^^^^^^^^^^^^^^^^^^^^^^^^^^^^^^^^^^^

[ 2024-09-25 22:57:31.260499 ] FileNotFoundError: [Errno 2] No such file or directory: '/home/user/mms/initials/lang/en.json'

Traceback (most recent call last):
  File "/home/user/mms/mtms/src/mtms/__init__.py", line 8, in run
    fn.firstThingsFirst()
  File "/home/user/mms/mtms/src/mtms/base/functions/functions.py", line 508, in firstThingsFirst
    lang_dict = setWorkingLang(True)
                ^^^^^^^^^^^^^^^^^^^^
  File "/home/user/mms/mtms/src/mtms/base/functions/functions.py", line 413, in setWorkingLang
    default_lang_file = open(configs.__DEFAULT_LANG_FILE__, 'r')
                        ^^^^^^^^^^^^^^^^^^^^^^^^^^^^^^^^^^^^^^^^
